[2025-06-16T19:08:12.382+0000] {manager.py:487} INFO - Processing files using up to 2 processes at a time 
[2025-06-16T19:08:12.382+0000] {manager.py:488} INFO - Process each file at most once every 30 seconds
[2025-06-16T19:08:12.382+0000] {manager.py:489} INFO - Checking for new files in /opt/airflow/dags every 300 seconds
[2025-06-16T19:08:12.383+0000] {manager.py:755} INFO - Searching for files in /opt/airflow/dags
[2025-06-16T19:08:12.410+0000] {manager.py:758} INFO - There are 1 files in /opt/airflow/dags
[2025-06-16T19:08:12.465+0000] {manager.py:887} INFO - 
================================================================================
DAG File Processing Stats

File Path                                      PID  Runtime      # DAGs    # Errors  Last Runtime    Last Run
-------------------------------------------  -----  ---------  --------  ----------  --------------  ----------
/opt/airflow/dags/diagnosis_pipeline_dag.py    230  0.03s             0           0
================================================================================
[2025-06-16T19:08:42.731+0000] {manager.py:887} INFO - 
================================================================================
DAG File Processing Stats

File Path                                    PID    Runtime      # DAGs    # Errors  Last Runtime    Last Run
-------------------------------------------  -----  ---------  --------  ----------  --------------  -------------------
/opt/airflow/dags/diagnosis_pipeline_dag.py                           1           0  0.66s           2025-06-16T19:08:13
================================================================================
[2025-06-16T19:09:13.005+0000] {manager.py:887} INFO - 
================================================================================
DAG File Processing Stats

File Path                                    PID    Runtime      # DAGs    # Errors  Last Runtime    Last Run
-------------------------------------------  -----  ---------  --------  ----------  --------------  -------------------
/opt/airflow/dags/diagnosis_pipeline_dag.py                           1           0  0.67s           2025-06-16T19:08:44
================================================================================
[2025-06-16T19:09:43.204+0000] {manager.py:887} INFO - 
================================================================================
DAG File Processing Stats

File Path                                    PID    Runtime      # DAGs    # Errors  Last Runtime    Last Run
-------------------------------------------  -----  ---------  --------  ----------  --------------  -------------------
/opt/airflow/dags/diagnosis_pipeline_dag.py                           1           0  0.63s           2025-06-16T19:09:14
================================================================================
[2025-06-16T19:10:13.349+0000] {manager.py:887} INFO - 
================================================================================
DAG File Processing Stats

File Path                                    PID    Runtime      # DAGs    # Errors  Last Runtime    Last Run
-------------------------------------------  -----  ---------  --------  ----------  --------------  -------------------
/opt/airflow/dags/diagnosis_pipeline_dag.py                           1           0  0.89s           2025-06-16T19:09:46
================================================================================
[2025-06-16T19:10:44.096+0000] {manager.py:887} INFO - 
================================================================================
DAG File Processing Stats

File Path                                    PID    Runtime      # DAGs    # Errors  Last Runtime    Last Run
-------------------------------------------  -----  ---------  --------  ----------  --------------  -------------------
/opt/airflow/dags/diagnosis_pipeline_dag.py                           1           0  0.61s           2025-06-16T19:10:16
================================================================================
[2025-06-16T19:11:14.494+0000] {manager.py:887} INFO - 
================================================================================
DAG File Processing Stats

File Path                                    PID    Runtime      # DAGs    # Errors  Last Runtime    Last Run
-------------------------------------------  -----  ---------  --------  ----------  --------------  -------------------
/opt/airflow/dags/diagnosis_pipeline_dag.py                           1           0  0.59s           2025-06-16T19:10:47
================================================================================
[2025-06-16T19:11:44.780+0000] {manager.py:887} INFO - 
================================================================================
DAG File Processing Stats

File Path                                    PID    Runtime      # DAGs    # Errors  Last Runtime    Last Run
-------------------------------------------  -----  ---------  --------  ----------  --------------  -------------------
/opt/airflow/dags/diagnosis_pipeline_dag.py                           1           0  0.60s           2025-06-16T19:11:18
================================================================================
[2025-06-16T19:12:14.945+0000] {manager.py:887} INFO - 
================================================================================
DAG File Processing Stats

File Path                                    PID    Runtime      # DAGs    # Errors  Last Runtime    Last Run
-------------------------------------------  -----  ---------  --------  ----------  --------------  -------------------
/opt/airflow/dags/diagnosis_pipeline_dag.py                           1           0  0.91s           2025-06-16T19:11:49
================================================================================
[2025-06-16T19:12:45.279+0000] {manager.py:887} INFO - 
================================================================================
DAG File Processing Stats

File Path                                    PID    Runtime      # DAGs    # Errors  Last Runtime    Last Run
-------------------------------------------  -----  ---------  --------  ----------  --------------  -------------------
/opt/airflow/dags/diagnosis_pipeline_dag.py                           1           0  0.60s           2025-06-16T19:12:20
================================================================================
[2025-06-16T19:13:12.552+0000] {manager.py:755} INFO - Searching for files in /opt/airflow/dags
[2025-06-16T19:13:12.561+0000] {manager.py:758} INFO - There are 1 files in /opt/airflow/dags
[2025-06-16T19:13:15.579+0000] {manager.py:887} INFO - 
================================================================================
DAG File Processing Stats

File Path                                    PID    Runtime      # DAGs    # Errors  Last Runtime    Last Run
-------------------------------------------  -----  ---------  --------  ----------  --------------  -------------------
/opt/airflow/dags/diagnosis_pipeline_dag.py                           1           0  0.59s           2025-06-16T19:12:51
================================================================================
[2025-06-16T19:13:45.942+0000] {manager.py:887} INFO - 
================================================================================
DAG File Processing Stats

File Path                                    PID    Runtime      # DAGs    # Errors  Last Runtime    Last Run
-------------------------------------------  -----  ---------  --------  ----------  --------------  -------------------
/opt/airflow/dags/diagnosis_pipeline_dag.py                           1           0  0.59s           2025-06-16T19:13:22
================================================================================
[2025-06-16T19:14:16.231+0000] {manager.py:887} INFO - 
================================================================================
DAG File Processing Stats

File Path                                    PID    Runtime      # DAGs    # Errors  Last Runtime    Last Run
-------------------------------------------  -----  ---------  --------  ----------  --------------  -------------------
/opt/airflow/dags/diagnosis_pipeline_dag.py                           1           0  0.58s           2025-06-16T19:13:53
================================================================================
[2025-06-16T19:14:46.566+0000] {manager.py:887} INFO - 
================================================================================
DAG File Processing Stats

File Path                                    PID    Runtime      # DAGs    # Errors  Last Runtime    Last Run
-------------------------------------------  -----  ---------  --------  ----------  --------------  -------------------
/opt/airflow/dags/diagnosis_pipeline_dag.py                           1           0  0.58s           2025-06-16T19:14:23
================================================================================
[2025-06-16T19:15:16.847+0000] {manager.py:887} INFO - 
================================================================================
DAG File Processing Stats

File Path                                    PID    Runtime      # DAGs    # Errors  Last Runtime    Last Run
-------------------------------------------  -----  ---------  --------  ----------  --------------  -------------------
/opt/airflow/dags/diagnosis_pipeline_dag.py                           1           0  0.59s           2025-06-16T19:14:54
================================================================================
[2025-06-16T19:15:47.222+0000] {manager.py:887} INFO - 
================================================================================
DAG File Processing Stats

File Path                                    PID    Runtime      # DAGs    # Errors  Last Runtime    Last Run
-------------------------------------------  -----  ---------  --------  ----------  --------------  -------------------
/opt/airflow/dags/diagnosis_pipeline_dag.py                           1           0  0.67s           2025-06-16T19:15:25
================================================================================
[2025-06-16T19:16:17.500+0000] {manager.py:887} INFO - 
================================================================================
DAG File Processing Stats

File Path                                    PID    Runtime      # DAGs    # Errors  Last Runtime    Last Run
-------------------------------------------  -----  ---------  --------  ----------  --------------  -------------------
/opt/airflow/dags/diagnosis_pipeline_dag.py                           1           0  0.60s           2025-06-16T19:15:56
================================================================================
[2025-06-16T19:16:47.924+0000] {manager.py:887} INFO - 
================================================================================
DAG File Processing Stats

File Path                                    PID    Runtime      # DAGs    # Errors  Last Runtime    Last Run
-------------------------------------------  -----  ---------  --------  ----------  --------------  -------------------
/opt/airflow/dags/diagnosis_pipeline_dag.py                           1           0  0.59s           2025-06-16T19:16:27
================================================================================
[2025-06-16T19:17:18.208+0000] {manager.py:887} INFO - 
================================================================================
DAG File Processing Stats

File Path                                    PID    Runtime      # DAGs    # Errors  Last Runtime    Last Run
-------------------------------------------  -----  ---------  --------  ----------  --------------  -------------------
/opt/airflow/dags/diagnosis_pipeline_dag.py                           1           0  0.60s           2025-06-16T19:16:57
================================================================================
[2025-06-16T19:17:48.487+0000] {manager.py:887} INFO - 
================================================================================
DAG File Processing Stats

File Path                                    PID    Runtime      # DAGs    # Errors  Last Runtime    Last Run
-------------------------------------------  -----  ---------  --------  ----------  --------------  -------------------
/opt/airflow/dags/diagnosis_pipeline_dag.py                           1           0  0.59s           2025-06-16T19:17:28
================================================================================
[2025-06-16T19:18:12.741+0000] {manager.py:755} INFO - Searching for files in /opt/airflow/dags
[2025-06-16T19:18:12.750+0000] {manager.py:758} INFO - There are 1 files in /opt/airflow/dags
[2025-06-16T19:18:18.778+0000] {manager.py:887} INFO - 
================================================================================
DAG File Processing Stats

File Path                                    PID    Runtime      # DAGs    # Errors  Last Runtime    Last Run
-------------------------------------------  -----  ---------  --------  ----------  --------------  -------------------
/opt/airflow/dags/diagnosis_pipeline_dag.py                           1           0  0.57s           2025-06-16T19:17:59
================================================================================
[2025-06-16T19:18:49.185+0000] {manager.py:887} INFO - 
================================================================================
DAG File Processing Stats

File Path                                    PID    Runtime      # DAGs    # Errors  Last Runtime    Last Run
-------------------------------------------  -----  ---------  --------  ----------  --------------  -------------------
/opt/airflow/dags/diagnosis_pipeline_dag.py                           1           0  0.83s           2025-06-16T19:18:30
================================================================================
[2025-06-16T19:19:19.484+0000] {manager.py:887} INFO - 
================================================================================
DAG File Processing Stats

File Path                                    PID    Runtime      # DAGs    # Errors  Last Runtime    Last Run
-------------------------------------------  -----  ---------  --------  ----------  --------------  -------------------
/opt/airflow/dags/diagnosis_pipeline_dag.py                           1           0  0.58s           2025-06-16T19:19:01
================================================================================
[2025-06-16T19:19:50.021+0000] {manager.py:887} INFO - 
================================================================================
DAG File Processing Stats

File Path                                    PID    Runtime      # DAGs    # Errors  Last Runtime    Last Run
-------------------------------------------  -----  ---------  --------  ----------  --------------  -------------------
/opt/airflow/dags/diagnosis_pipeline_dag.py                           1           0  0.57s           2025-06-16T19:19:32
================================================================================
[2025-06-16T19:20:20.594+0000] {manager.py:887} INFO - 
================================================================================
DAG File Processing Stats

File Path                                    PID    Runtime      # DAGs    # Errors  Last Runtime    Last Run
-------------------------------------------  -----  ---------  --------  ----------  --------------  -------------------
/opt/airflow/dags/diagnosis_pipeline_dag.py                           1           0  0.57s           2025-06-16T19:20:02
================================================================================
[2025-06-16T19:20:50.879+0000] {manager.py:887} INFO - 
================================================================================
DAG File Processing Stats

File Path                                    PID    Runtime      # DAGs    # Errors  Last Runtime    Last Run
-------------------------------------------  -----  ---------  --------  ----------  --------------  -------------------
/opt/airflow/dags/diagnosis_pipeline_dag.py                           1           0  0.58s           2025-06-16T19:20:33
================================================================================
[2025-06-16T19:21:21.289+0000] {manager.py:887} INFO - 
================================================================================
DAG File Processing Stats

File Path                                    PID    Runtime      # DAGs    # Errors  Last Runtime    Last Run
-------------------------------------------  -----  ---------  --------  ----------  --------------  -------------------
/opt/airflow/dags/diagnosis_pipeline_dag.py                           1           0  0.56s           2025-06-16T19:21:04
================================================================================
[2025-06-16T19:21:51.556+0000] {manager.py:887} INFO - 
================================================================================
DAG File Processing Stats

File Path                                    PID    Runtime      # DAGs    # Errors  Last Runtime    Last Run
-------------------------------------------  -----  ---------  --------  ----------  --------------  -------------------
/opt/airflow/dags/diagnosis_pipeline_dag.py                           1           0  0.59s           2025-06-16T19:21:35
================================================================================
[2025-06-16T19:22:21.846+0000] {manager.py:887} INFO - 
================================================================================
DAG File Processing Stats

File Path                                    PID    Runtime      # DAGs    # Errors  Last Runtime    Last Run
-------------------------------------------  -----  ---------  --------  ----------  --------------  -------------------
/opt/airflow/dags/diagnosis_pipeline_dag.py                           1           0  0.59s           2025-06-16T19:22:06
================================================================================
[2025-06-16T19:22:52.137+0000] {manager.py:887} INFO - 
================================================================================
DAG File Processing Stats

File Path                                    PID    Runtime      # DAGs    # Errors  Last Runtime    Last Run
-------------------------------------------  -----  ---------  --------  ----------  --------------  -------------------
/opt/airflow/dags/diagnosis_pipeline_dag.py                           1           0  0.58s           2025-06-16T19:22:37
================================================================================
[2025-06-16T19:23:12.968+0000] {manager.py:755} INFO - Searching for files in /opt/airflow/dags
[2025-06-16T19:23:12.978+0000] {manager.py:758} INFO - There are 1 files in /opt/airflow/dags
[2025-06-16T19:23:22.569+0000] {manager.py:887} INFO - 
================================================================================
DAG File Processing Stats

File Path                                    PID    Runtime      # DAGs    # Errors  Last Runtime    Last Run
-------------------------------------------  -----  ---------  --------  ----------  --------------  -------------------
/opt/airflow/dags/diagnosis_pipeline_dag.py                           1           0  0.58s           2025-06-16T19:23:07
================================================================================
[2025-06-16T19:23:52.827+0000] {manager.py:887} INFO - 
================================================================================
DAG File Processing Stats

File Path                                    PID    Runtime      # DAGs    # Errors  Last Runtime    Last Run
-------------------------------------------  -----  ---------  --------  ----------  --------------  -------------------
/opt/airflow/dags/diagnosis_pipeline_dag.py                           1           0  0.59s           2025-06-16T19:23:38
================================================================================
[2025-06-16T19:24:23.115+0000] {manager.py:887} INFO - 
================================================================================
DAG File Processing Stats

File Path                                    PID    Runtime      # DAGs    # Errors  Last Runtime    Last Run
-------------------------------------------  -----  ---------  --------  ----------  --------------  -------------------
/opt/airflow/dags/diagnosis_pipeline_dag.py                           1           0  0.60s           2025-06-16T19:24:09
================================================================================
[2025-06-16T19:24:53.395+0000] {manager.py:887} INFO - 
================================================================================
DAG File Processing Stats

File Path                                    PID    Runtime      # DAGs    # Errors  Last Runtime    Last Run
-------------------------------------------  -----  ---------  --------  ----------  --------------  -------------------
/opt/airflow/dags/diagnosis_pipeline_dag.py                           1           0  0.59s           2025-06-16T19:24:40
================================================================================
[2025-06-16T19:25:23.840+0000] {manager.py:887} INFO - 
================================================================================
DAG File Processing Stats

File Path                                    PID    Runtime      # DAGs    # Errors  Last Runtime    Last Run
-------------------------------------------  -----  ---------  --------  ----------  --------------  -------------------
/opt/airflow/dags/diagnosis_pipeline_dag.py                           1           0  0.75s           2025-06-16T19:25:11
================================================================================
[2025-06-16T19:25:54.095+0000] {manager.py:887} INFO - 
================================================================================
DAG File Processing Stats

File Path                                    PID    Runtime      # DAGs    # Errors  Last Runtime    Last Run
-------------------------------------------  -----  ---------  --------  ----------  --------------  -------------------
/opt/airflow/dags/diagnosis_pipeline_dag.py                           1           0  0.58s           2025-06-16T19:25:42
================================================================================
[2025-06-16T19:26:24.803+0000] {manager.py:887} INFO - 
================================================================================
DAG File Processing Stats

File Path                                    PID    Runtime      # DAGs    # Errors  Last Runtime    Last Run
-------------------------------------------  -----  ---------  --------  ----------  --------------  -------------------
/opt/airflow/dags/diagnosis_pipeline_dag.py                           1           0  0.59s           2025-06-16T19:26:12
================================================================================
[2025-06-16T19:26:55.228+0000] {manager.py:887} INFO - 
================================================================================
DAG File Processing Stats

File Path                                    PID    Runtime      # DAGs    # Errors  Last Runtime    Last Run
-------------------------------------------  -----  ---------  --------  ----------  --------------  -------------------
/opt/airflow/dags/diagnosis_pipeline_dag.py                           1           0  0.58s           2025-06-16T19:26:43
================================================================================
[2025-06-16T19:27:25.511+0000] {manager.py:887} INFO - 
================================================================================
DAG File Processing Stats

File Path                                    PID    Runtime      # DAGs    # Errors  Last Runtime    Last Run
-------------------------------------------  -----  ---------  --------  ----------  --------------  -------------------
/opt/airflow/dags/diagnosis_pipeline_dag.py                           1           0  0.58s           2025-06-16T19:27:14
================================================================================
[2025-06-16T19:27:55.764+0000] {manager.py:887} INFO - 
================================================================================
DAG File Processing Stats

File Path                                    PID    Runtime      # DAGs    # Errors  Last Runtime    Last Run
-------------------------------------------  -----  ---------  --------  ----------  --------------  -------------------
/opt/airflow/dags/diagnosis_pipeline_dag.py                           1           0  0.62s           2025-06-16T19:27:45
================================================================================
[2025-06-16T19:28:12.976+0000] {manager.py:755} INFO - Searching for files in /opt/airflow/dags
[2025-06-16T19:28:12.985+0000] {manager.py:758} INFO - There are 1 files in /opt/airflow/dags
[2025-06-16T19:28:26.044+0000] {manager.py:887} INFO - 
================================================================================
DAG File Processing Stats

File Path                                    PID    Runtime      # DAGs    # Errors  Last Runtime    Last Run
-------------------------------------------  -----  ---------  --------  ----------  --------------  -------------------
/opt/airflow/dags/diagnosis_pipeline_dag.py                           1           0  0.59s           2025-06-16T19:28:16
================================================================================
[2025-06-16T19:28:56.484+0000] {manager.py:887} INFO - 
================================================================================
DAG File Processing Stats

File Path                                    PID    Runtime      # DAGs    # Errors  Last Runtime    Last Run
-------------------------------------------  -----  ---------  --------  ----------  --------------  -------------------
/opt/airflow/dags/diagnosis_pipeline_dag.py                           1           0  0.61s           2025-06-16T19:28:46
================================================================================
[2025-06-16T19:29:26.758+0000] {manager.py:887} INFO - 
================================================================================
DAG File Processing Stats

File Path                                    PID    Runtime      # DAGs    # Errors  Last Runtime    Last Run
-------------------------------------------  -----  ---------  --------  ----------  --------------  -------------------
/opt/airflow/dags/diagnosis_pipeline_dag.py                           1           0  0.60s           2025-06-16T19:29:17
================================================================================
[2025-06-16T19:29:57.049+0000] {manager.py:887} INFO - 
================================================================================
DAG File Processing Stats

File Path                                    PID    Runtime      # DAGs    # Errors  Last Runtime    Last Run
-------------------------------------------  -----  ---------  --------  ----------  --------------  -------------------
/opt/airflow/dags/diagnosis_pipeline_dag.py                           1           0  0.60s           2025-06-16T19:29:48
================================================================================
[2025-06-16T19:30:27.319+0000] {manager.py:887} INFO - 
================================================================================
DAG File Processing Stats

File Path                                    PID    Runtime      # DAGs    # Errors  Last Runtime    Last Run
-------------------------------------------  -----  ---------  --------  ----------  --------------  -------------------
/opt/airflow/dags/diagnosis_pipeline_dag.py                           1           0  0.59s           2025-06-16T19:30:19
================================================================================
[2025-06-16T19:30:57.793+0000] {manager.py:887} INFO - 
================================================================================
DAG File Processing Stats

File Path                                    PID    Runtime      # DAGs    # Errors  Last Runtime    Last Run
-------------------------------------------  -----  ---------  --------  ----------  --------------  -------------------
/opt/airflow/dags/diagnosis_pipeline_dag.py                           1           0  0.62s           2025-06-16T19:30:50
================================================================================
[2025-06-16T19:31:28.074+0000] {manager.py:887} INFO - 
================================================================================
DAG File Processing Stats

File Path                                    PID    Runtime      # DAGs    # Errors  Last Runtime    Last Run
-------------------------------------------  -----  ---------  --------  ----------  --------------  -------------------
/opt/airflow/dags/diagnosis_pipeline_dag.py                           1           0  0.60s           2025-06-16T19:31:21
================================================================================
[2025-06-16T19:31:58.359+0000] {manager.py:887} INFO - 
================================================================================
DAG File Processing Stats

File Path                                    PID    Runtime      # DAGs    # Errors  Last Runtime    Last Run
-------------------------------------------  -----  ---------  --------  ----------  --------------  -------------------
/opt/airflow/dags/diagnosis_pipeline_dag.py                           1           0  0.58s           2025-06-16T19:31:51
================================================================================
[2025-06-16T19:32:28.621+0000] {manager.py:887} INFO - 
================================================================================
DAG File Processing Stats

File Path                                    PID    Runtime      # DAGs    # Errors  Last Runtime    Last Run
-------------------------------------------  -----  ---------  --------  ----------  --------------  -------------------
/opt/airflow/dags/diagnosis_pipeline_dag.py                           1           0  0.59s           2025-06-16T19:32:22
================================================================================
[2025-06-16T19:32:59.037+0000] {manager.py:887} INFO - 
================================================================================
DAG File Processing Stats

File Path                                    PID    Runtime      # DAGs    # Errors  Last Runtime    Last Run
-------------------------------------------  -----  ---------  --------  ----------  --------------  -------------------
/opt/airflow/dags/diagnosis_pipeline_dag.py                           1           0  0.57s           2025-06-16T19:32:53
================================================================================
[2025-06-16T19:33:13.088+0000] {manager.py:755} INFO - Searching for files in /opt/airflow/dags
[2025-06-16T19:33:13.097+0000] {manager.py:758} INFO - There are 1 files in /opt/airflow/dags
[2025-06-16T19:33:29.319+0000] {manager.py:887} INFO - 
================================================================================
DAG File Processing Stats

File Path                                    PID    Runtime      # DAGs    # Errors  Last Runtime    Last Run
-------------------------------------------  -----  ---------  --------  ----------  --------------  -------------------
/opt/airflow/dags/diagnosis_pipeline_dag.py                           1           0  0.58s           2025-06-16T19:33:24
================================================================================
[2025-06-16T19:33:59.593+0000] {manager.py:887} INFO - 
================================================================================
DAG File Processing Stats

File Path                                    PID    Runtime      # DAGs    # Errors  Last Runtime    Last Run
-------------------------------------------  -----  ---------  --------  ----------  --------------  -------------------
/opt/airflow/dags/diagnosis_pipeline_dag.py                           1           0  0.59s           2025-06-16T19:33:55
================================================================================
[2025-06-16T19:34:29.862+0000] {manager.py:887} INFO - 
================================================================================
DAG File Processing Stats

File Path                                    PID    Runtime      # DAGs    # Errors  Last Runtime    Last Run
-------------------------------------------  -----  ---------  --------  ----------  --------------  -------------------
/opt/airflow/dags/diagnosis_pipeline_dag.py                           1           0  0.59s           2025-06-16T19:34:26
================================================================================
[2025-06-16T19:35:00.276+0000] {manager.py:887} INFO - 
================================================================================
DAG File Processing Stats

File Path                                    PID    Runtime      # DAGs    # Errors  Last Runtime    Last Run
-------------------------------------------  -----  ---------  --------  ----------  --------------  -------------------
/opt/airflow/dags/diagnosis_pipeline_dag.py                           1           0  0.60s           2025-06-16T19:34:56
================================================================================
[2025-06-16T19:35:30.546+0000] {manager.py:887} INFO - 
================================================================================
DAG File Processing Stats

File Path                                    PID    Runtime      # DAGs    # Errors  Last Runtime    Last Run
-------------------------------------------  -----  ---------  --------  ----------  --------------  -------------------
/opt/airflow/dags/diagnosis_pipeline_dag.py                           1           0  0.60s           2025-06-16T19:35:27
================================================================================
[2025-06-16T19:36:00.859+0000] {manager.py:887} INFO - 
================================================================================
DAG File Processing Stats

File Path                                    PID    Runtime      # DAGs    # Errors  Last Runtime    Last Run
-------------------------------------------  -----  ---------  --------  ----------  --------------  -------------------
/opt/airflow/dags/diagnosis_pipeline_dag.py                           1           0  0.59s           2025-06-16T19:35:58
================================================================================
[2025-06-16T19:36:31.117+0000] {manager.py:887} INFO - 
================================================================================
DAG File Processing Stats

File Path                                    PID    Runtime      # DAGs    # Errors  Last Runtime    Last Run
-------------------------------------------  -----  ---------  --------  ----------  --------------  -------------------
/opt/airflow/dags/diagnosis_pipeline_dag.py                           1           0  0.59s           2025-06-16T19:36:29
================================================================================
[2025-06-16T19:37:01.556+0000] {manager.py:887} INFO - 
================================================================================
DAG File Processing Stats

File Path                                    PID    Runtime      # DAGs    # Errors  Last Runtime    Last Run
-------------------------------------------  -----  ---------  --------  ----------  --------------  -------------------
/opt/airflow/dags/diagnosis_pipeline_dag.py                           1           0  0.62s           2025-06-16T19:37:00
================================================================================
[2025-06-16T19:37:31.814+0000] {manager.py:887} INFO - 
================================================================================
DAG File Processing Stats

File Path                                    PID    Runtime      # DAGs    # Errors  Last Runtime    Last Run
-------------------------------------------  -----  ---------  --------  ----------  --------------  -------------------
/opt/airflow/dags/diagnosis_pipeline_dag.py                           1           0  0.58s           2025-06-16T19:37:30
================================================================================
[2025-06-16T19:38:02.101+0000] {manager.py:887} INFO - 
================================================================================
DAG File Processing Stats

File Path                                    PID    Runtime      # DAGs    # Errors  Last Runtime    Last Run
-------------------------------------------  -----  ---------  --------  ----------  --------------  -------------------
/opt/airflow/dags/diagnosis_pipeline_dag.py                           1           0  0.58s           2025-06-16T19:38:01
================================================================================
[2025-06-16T19:38:13.134+0000] {manager.py:755} INFO - Searching for files in /opt/airflow/dags
[2025-06-16T19:38:13.144+0000] {manager.py:758} INFO - There are 1 files in /opt/airflow/dags
[2025-06-16T19:38:32.381+0000] {manager.py:887} INFO - 
================================================================================
DAG File Processing Stats

File Path                                      PID  Runtime      # DAGs    # Errors  Last Runtime    Last Run
-------------------------------------------  -----  ---------  --------  ----------  --------------  -------------------
/opt/airflow/dags/diagnosis_pipeline_dag.py   1320  0.43s             1           0  0.58s           2025-06-16T19:38:01
================================================================================
[2025-06-16T19:39:02.658+0000] {manager.py:887} INFO - 
================================================================================
DAG File Processing Stats

File Path                                      PID  Runtime      # DAGs    # Errors  Last Runtime    Last Run
-------------------------------------------  -----  ---------  --------  ----------  --------------  -------------------
/opt/airflow/dags/diagnosis_pipeline_dag.py   1337  0.00s             1           0  0.59s           2025-06-16T19:38:32
================================================================================
[2025-06-16T19:39:33.041+0000] {manager.py:887} INFO - 
================================================================================
DAG File Processing Stats

File Path                                    PID    Runtime      # DAGs    # Errors  Last Runtime    Last Run
-------------------------------------------  -----  ---------  --------  ----------  --------------  -------------------
/opt/airflow/dags/diagnosis_pipeline_dag.py                           1           0  0.58s           2025-06-16T19:39:03
================================================================================
[2025-06-16T19:40:03.300+0000] {manager.py:887} INFO - 
================================================================================
DAG File Processing Stats

File Path                                    PID    Runtime      # DAGs    # Errors  Last Runtime    Last Run
-------------------------------------------  -----  ---------  --------  ----------  --------------  -------------------
/opt/airflow/dags/diagnosis_pipeline_dag.py                           1           0  0.57s           2025-06-16T19:39:34
================================================================================
[2025-06-16T19:40:33.992+0000] {manager.py:887} INFO - 
================================================================================
DAG File Processing Stats

File Path                                    PID    Runtime      # DAGs    # Errors  Last Runtime    Last Run
-------------------------------------------  -----  ---------  --------  ----------  --------------  -------------------
/opt/airflow/dags/diagnosis_pipeline_dag.py                           1           0  0.58s           2025-06-16T19:40:04
================================================================================
[2025-06-16T19:41:04.387+0000] {manager.py:887} INFO - 
================================================================================
DAG File Processing Stats

File Path                                    PID    Runtime      # DAGs    # Errors  Last Runtime    Last Run
-------------------------------------------  -----  ---------  --------  ----------  --------------  -------------------
/opt/airflow/dags/diagnosis_pipeline_dag.py                           1           0  0.58s           2025-06-16T19:40:35
================================================================================
[2025-06-16T19:41:34.625+0000] {manager.py:887} INFO - 
================================================================================
DAG File Processing Stats

File Path                                    PID    Runtime      # DAGs    # Errors  Last Runtime    Last Run
-------------------------------------------  -----  ---------  --------  ----------  --------------  -------------------
/opt/airflow/dags/diagnosis_pipeline_dag.py                           1           0  0.58s           2025-06-16T19:41:06
================================================================================
[2025-06-16T19:42:04.883+0000] {manager.py:887} INFO - 
================================================================================
DAG File Processing Stats

File Path                                    PID    Runtime      # DAGs    # Errors  Last Runtime    Last Run
-------------------------------------------  -----  ---------  --------  ----------  --------------  -------------------
/opt/airflow/dags/diagnosis_pipeline_dag.py                           1           0  0.60s           2025-06-16T19:41:37
================================================================================
[2025-06-16T19:42:35.134+0000] {manager.py:887} INFO - 
================================================================================
DAG File Processing Stats

File Path                                    PID    Runtime      # DAGs    # Errors  Last Runtime    Last Run
-------------------------------------------  -----  ---------  --------  ----------  --------------  -------------------
/opt/airflow/dags/diagnosis_pipeline_dag.py                           1           0  0.70s           2025-06-16T19:42:08
================================================================================
[2025-06-16T19:43:05.674+0000] {manager.py:887} INFO - 
================================================================================
DAG File Processing Stats

File Path                                    PID    Runtime      # DAGs    # Errors  Last Runtime    Last Run
-------------------------------------------  -----  ---------  --------  ----------  --------------  -------------------
/opt/airflow/dags/diagnosis_pipeline_dag.py                           1           0  0.60s           2025-06-16T19:42:39
================================================================================
[2025-06-16T19:43:13.702+0000] {manager.py:755} INFO - Searching for files in /opt/airflow/dags
[2025-06-16T19:43:13.712+0000] {manager.py:758} INFO - There are 1 files in /opt/airflow/dags
[2025-06-16T19:43:35.922+0000] {manager.py:887} INFO - 
================================================================================
DAG File Processing Stats

File Path                                    PID    Runtime      # DAGs    # Errors  Last Runtime    Last Run
-------------------------------------------  -----  ---------  --------  ----------  --------------  -------------------
/opt/airflow/dags/diagnosis_pipeline_dag.py                           1           0  0.62s           2025-06-16T19:43:09
================================================================================
[2025-06-16T19:44:06.348+0000] {manager.py:887} INFO - 
================================================================================
DAG File Processing Stats

File Path                                    PID    Runtime      # DAGs    # Errors  Last Runtime    Last Run
-------------------------------------------  -----  ---------  --------  ----------  --------------  -------------------
/opt/airflow/dags/diagnosis_pipeline_dag.py                           1           0  0.60s           2025-06-16T19:43:40
================================================================================
[2025-06-16T19:44:36.608+0000] {manager.py:887} INFO - 
================================================================================
DAG File Processing Stats

File Path                                    PID    Runtime      # DAGs    # Errors  Last Runtime    Last Run
-------------------------------------------  -----  ---------  --------  ----------  --------------  -------------------
/opt/airflow/dags/diagnosis_pipeline_dag.py                           1           0  0.59s           2025-06-16T19:44:11
================================================================================
[2025-06-16T19:45:06.869+0000] {manager.py:887} INFO - 
================================================================================
DAG File Processing Stats

File Path                                    PID    Runtime      # DAGs    # Errors  Last Runtime    Last Run
-------------------------------------------  -----  ---------  --------  ----------  --------------  -------------------
/opt/airflow/dags/diagnosis_pipeline_dag.py                           1           0  0.57s           2025-06-16T19:44:42
================================================================================
[2025-06-16T19:45:37.104+0000] {manager.py:887} INFO - 
================================================================================
DAG File Processing Stats

File Path                                    PID    Runtime      # DAGs    # Errors  Last Runtime    Last Run
-------------------------------------------  -----  ---------  --------  ----------  --------------  -------------------
/opt/airflow/dags/diagnosis_pipeline_dag.py                           1           0  0.62s           2025-06-16T19:45:13
================================================================================
[2025-06-16T19:46:07.526+0000] {manager.py:887} INFO - 
================================================================================
DAG File Processing Stats

File Path                                    PID    Runtime      # DAGs    # Errors  Last Runtime    Last Run
-------------------------------------------  -----  ---------  --------  ----------  --------------  -------------------
/opt/airflow/dags/diagnosis_pipeline_dag.py                           1           0  0.58s           2025-06-16T19:45:43
================================================================================
[2025-06-16T19:46:37.776+0000] {manager.py:887} INFO - 
================================================================================
DAG File Processing Stats

File Path                                    PID    Runtime      # DAGs    # Errors  Last Runtime    Last Run
-------------------------------------------  -----  ---------  --------  ----------  --------------  -------------------
/opt/airflow/dags/diagnosis_pipeline_dag.py                           1           0  0.59s           2025-06-16T19:46:14
================================================================================
[2025-06-16T19:47:08.418+0000] {manager.py:887} INFO - 
================================================================================
DAG File Processing Stats

File Path                                    PID    Runtime      # DAGs    # Errors  Last Runtime    Last Run
-------------------------------------------  -----  ---------  --------  ----------  --------------  -------------------
/opt/airflow/dags/diagnosis_pipeline_dag.py                           1           0  0.59s           2025-06-16T19:46:45
================================================================================
[2025-06-16T19:47:38.832+0000] {manager.py:887} INFO - 
================================================================================
DAG File Processing Stats

File Path                                    PID    Runtime      # DAGs    # Errors  Last Runtime    Last Run
-------------------------------------------  -----  ---------  --------  ----------  --------------  -------------------
/opt/airflow/dags/diagnosis_pipeline_dag.py                           1           0  0.58s           2025-06-16T19:47:16
================================================================================
[2025-06-16T19:48:09.073+0000] {manager.py:887} INFO - 
================================================================================
DAG File Processing Stats

File Path                                    PID    Runtime      # DAGs    # Errors  Last Runtime    Last Run
-------------------------------------------  -----  ---------  --------  ----------  --------------  -------------------
/opt/airflow/dags/diagnosis_pipeline_dag.py                           1           0  0.58s           2025-06-16T19:47:46
================================================================================
[2025-06-16T19:48:14.091+0000] {manager.py:755} INFO - Searching for files in /opt/airflow/dags
[2025-06-16T19:48:14.101+0000] {manager.py:758} INFO - There are 1 files in /opt/airflow/dags
[2025-06-16T19:48:39.741+0000] {manager.py:887} INFO - 
================================================================================
DAG File Processing Stats

File Path                                    PID    Runtime      # DAGs    # Errors  Last Runtime    Last Run
-------------------------------------------  -----  ---------  --------  ----------  --------------  -------------------
/opt/airflow/dags/diagnosis_pipeline_dag.py                           1           0  0.72s           2025-06-16T19:48:17
================================================================================
[2025-06-16T19:49:10.159+0000] {manager.py:887} INFO - 
================================================================================
DAG File Processing Stats

File Path                                    PID    Runtime      # DAGs    # Errors  Last Runtime    Last Run
-------------------------------------------  -----  ---------  --------  ----------  --------------  -------------------
/opt/airflow/dags/diagnosis_pipeline_dag.py                           1           0  0.57s           2025-06-16T19:48:48
================================================================================
[2025-06-16T19:49:40.419+0000] {manager.py:887} INFO - 
================================================================================
DAG File Processing Stats

File Path                                    PID    Runtime      # DAGs    # Errors  Last Runtime    Last Run
-------------------------------------------  -----  ---------  --------  ----------  --------------  -------------------
/opt/airflow/dags/diagnosis_pipeline_dag.py                           1           0  0.59s           2025-06-16T19:49:19
================================================================================
[2025-06-16T19:50:10.802+0000] {manager.py:887} INFO - 
================================================================================
DAG File Processing Stats

File Path                                    PID    Runtime      # DAGs    # Errors  Last Runtime    Last Run
-------------------------------------------  -----  ---------  --------  ----------  --------------  -------------------
/opt/airflow/dags/diagnosis_pipeline_dag.py                           1           0  0.61s           2025-06-16T19:49:50
================================================================================
[2025-06-16T19:50:41.065+0000] {manager.py:887} INFO - 
================================================================================
DAG File Processing Stats

File Path                                    PID    Runtime      # DAGs    # Errors  Last Runtime    Last Run
-------------------------------------------  -----  ---------  --------  ----------  --------------  -------------------
/opt/airflow/dags/diagnosis_pipeline_dag.py                           1           0  0.61s           2025-06-16T19:50:21
================================================================================
[2025-06-16T19:51:11.335+0000] {manager.py:887} INFO - 
================================================================================
DAG File Processing Stats

File Path                                    PID    Runtime      # DAGs    # Errors  Last Runtime    Last Run
-------------------------------------------  -----  ---------  --------  ----------  --------------  -------------------
/opt/airflow/dags/diagnosis_pipeline_dag.py                           1           0  0.60s           2025-06-16T19:50:51
================================================================================
[2025-06-16T19:51:41.592+0000] {manager.py:887} INFO - 
================================================================================
DAG File Processing Stats

File Path                                    PID    Runtime      # DAGs    # Errors  Last Runtime    Last Run
-------------------------------------------  -----  ---------  --------  ----------  --------------  -------------------
/opt/airflow/dags/diagnosis_pipeline_dag.py                           1           0  0.61s           2025-06-16T19:51:22
================================================================================
[2025-06-16T19:52:12.026+0000] {manager.py:887} INFO - 
================================================================================
DAG File Processing Stats

File Path                                    PID    Runtime      # DAGs    # Errors  Last Runtime    Last Run
-------------------------------------------  -----  ---------  --------  ----------  --------------  -------------------
/opt/airflow/dags/diagnosis_pipeline_dag.py                           1           0  0.59s           2025-06-16T19:51:53
================================================================================
[2025-06-16T19:52:42.269+0000] {manager.py:887} INFO - 
================================================================================
DAG File Processing Stats

File Path                                    PID    Runtime      # DAGs    # Errors  Last Runtime    Last Run
-------------------------------------------  -----  ---------  --------  ----------  --------------  -------------------
/opt/airflow/dags/diagnosis_pipeline_dag.py                           1           0  0.60s           2025-06-16T19:52:24
================================================================================
[2025-06-16T19:53:12.912+0000] {manager.py:887} INFO - 
================================================================================
DAG File Processing Stats

File Path                                    PID    Runtime      # DAGs    # Errors  Last Runtime    Last Run
-------------------------------------------  -----  ---------  --------  ----------  --------------  -------------------
/opt/airflow/dags/diagnosis_pipeline_dag.py                           1           0  0.58s           2025-06-16T19:52:55
================================================================================
[2025-06-16T19:53:14.919+0000] {manager.py:755} INFO - Searching for files in /opt/airflow/dags
[2025-06-16T19:53:14.929+0000] {manager.py:758} INFO - There are 1 files in /opt/airflow/dags
[2025-06-16T19:53:43.326+0000] {manager.py:887} INFO - 
================================================================================
DAG File Processing Stats

File Path                                    PID    Runtime      # DAGs    # Errors  Last Runtime    Last Run
-------------------------------------------  -----  ---------  --------  ----------  --------------  -------------------
/opt/airflow/dags/diagnosis_pipeline_dag.py                           1           0  0.58s           2025-06-16T19:53:25
================================================================================
[2025-06-16T19:54:13.603+0000] {manager.py:887} INFO - 
================================================================================
DAG File Processing Stats

File Path                                    PID    Runtime      # DAGs    # Errors  Last Runtime    Last Run
-------------------------------------------  -----  ---------  --------  ----------  --------------  -------------------
/opt/airflow/dags/diagnosis_pipeline_dag.py                           1           0  0.58s           2025-06-16T19:53:56
================================================================================
[2025-06-16T19:54:44.271+0000] {manager.py:887} INFO - 
================================================================================
DAG File Processing Stats

File Path                                    PID    Runtime      # DAGs    # Errors  Last Runtime    Last Run
-------------------------------------------  -----  ---------  --------  ----------  --------------  -------------------
/opt/airflow/dags/diagnosis_pipeline_dag.py                           1           0  0.58s           2025-06-16T19:54:27
================================================================================
[2025-06-16T19:55:58.209+0000] {manager.py:487} INFO - Processing files using up to 2 processes at a time 
[2025-06-16T19:55:58.209+0000] {manager.py:488} INFO - Process each file at most once every 30 seconds
[2025-06-16T19:55:58.210+0000] {manager.py:489} INFO - Checking for new files in /opt/airflow/dags every 300 seconds
[2025-06-16T19:55:58.210+0000] {manager.py:755} INFO - Searching for files in /opt/airflow/dags
[2025-06-16T19:55:58.221+0000] {manager.py:758} INFO - There are 1 files in /opt/airflow/dags
[2025-06-16T19:55:58.278+0000] {manager.py:887} INFO - 
================================================================================
DAG File Processing Stats

File Path                                      PID  Runtime      # DAGs    # Errors  Last Runtime    Last Run
-------------------------------------------  -----  ---------  --------  ----------  --------------  ----------
/opt/airflow/dags/diagnosis_pipeline_dag.py    233  0.03s             0           0
================================================================================
[2025-06-16T19:56:28.514+0000] {manager.py:887} INFO - 
================================================================================
DAG File Processing Stats

File Path                                    PID    Runtime      # DAGs    # Errors  Last Runtime    Last Run
-------------------------------------------  -----  ---------  --------  ----------  --------------  -------------------
/opt/airflow/dags/diagnosis_pipeline_dag.py                           1           0  0.64s           2025-06-16T19:55:58
================================================================================
[2025-06-16T19:56:58.754+0000] {manager.py:887} INFO - 
================================================================================
DAG File Processing Stats

File Path                                    PID    Runtime      # DAGs    # Errors  Last Runtime    Last Run
-------------------------------------------  -----  ---------  --------  ----------  --------------  -------------------
/opt/airflow/dags/diagnosis_pipeline_dag.py                           1           0  0.60s           2025-06-16T19:56:29
================================================================================
[2025-06-16T19:57:29.184+0000] {manager.py:887} INFO - 
================================================================================
DAG File Processing Stats

File Path                                    PID    Runtime      # DAGs    # Errors  Last Runtime    Last Run
-------------------------------------------  -----  ---------  --------  ----------  --------------  -------------------
/opt/airflow/dags/diagnosis_pipeline_dag.py                           1           0  0.87s           2025-06-16T19:57:00
================================================================================
[2025-06-16T19:57:59.422+0000] {manager.py:887} INFO - 
================================================================================
DAG File Processing Stats

File Path                                    PID    Runtime      # DAGs    # Errors  Last Runtime    Last Run
-------------------------------------------  -----  ---------  --------  ----------  --------------  -------------------
/opt/airflow/dags/diagnosis_pipeline_dag.py                           1           0  0.62s           2025-06-16T19:57:31
================================================================================
[2025-06-16T19:58:29.573+0000] {manager.py:887} INFO - 
================================================================================
DAG File Processing Stats

File Path                                    PID    Runtime      # DAGs    # Errors  Last Runtime    Last Run
-------------------------------------------  -----  ---------  --------  ----------  --------------  -------------------
/opt/airflow/dags/diagnosis_pipeline_dag.py                           1           0  0.60s           2025-06-16T19:58:02
================================================================================
[2025-06-16T19:59:00.174+0000] {manager.py:887} INFO - 
================================================================================
DAG File Processing Stats

File Path                                    PID    Runtime      # DAGs    # Errors  Last Runtime    Last Run
-------------------------------------------  -----  ---------  --------  ----------  --------------  -------------------
/opt/airflow/dags/diagnosis_pipeline_dag.py                           1           0  0.59s           2025-06-16T19:58:33
================================================================================
[2025-06-16T19:59:30.621+0000] {manager.py:887} INFO - 
================================================================================
DAG File Processing Stats

File Path                                    PID    Runtime      # DAGs    # Errors  Last Runtime    Last Run
-------------------------------------------  -----  ---------  --------  ----------  --------------  -------------------
/opt/airflow/dags/diagnosis_pipeline_dag.py                           1           0  0.62s           2025-06-16T19:59:03
================================================================================
[2025-06-16T20:00:00.856+0000] {manager.py:887} INFO - 
================================================================================
DAG File Processing Stats

File Path                                    PID    Runtime      # DAGs    # Errors  Last Runtime    Last Run
-------------------------------------------  -----  ---------  --------  ----------  --------------  -------------------
/opt/airflow/dags/diagnosis_pipeline_dag.py                           1           0  0.60s           2025-06-16T19:59:34
================================================================================
[2025-06-16T20:00:31.497+0000] {manager.py:887} INFO - 
================================================================================
DAG File Processing Stats

File Path                                    PID    Runtime      # DAGs    # Errors  Last Runtime    Last Run
-------------------------------------------  -----  ---------  --------  ----------  --------------  -------------------
/opt/airflow/dags/diagnosis_pipeline_dag.py                           1           0  0.59s           2025-06-16T20:00:05
================================================================================
[2025-06-16T20:02:08.762+0000] {manager.py:487} INFO - Processing files using up to 2 processes at a time 
[2025-06-16T20:02:08.763+0000] {manager.py:488} INFO - Process each file at most once every 30 seconds
[2025-06-16T20:02:08.763+0000] {manager.py:489} INFO - Checking for new files in /opt/airflow/dags every 300 seconds
[2025-06-16T20:02:08.763+0000] {manager.py:755} INFO - Searching for files in /opt/airflow/dags
[2025-06-16T20:02:08.773+0000] {manager.py:758} INFO - There are 1 files in /opt/airflow/dags
[2025-06-16T20:02:08.829+0000] {manager.py:887} INFO - 
================================================================================
DAG File Processing Stats

File Path                                      PID  Runtime      # DAGs    # Errors  Last Runtime    Last Run
-------------------------------------------  -----  ---------  --------  ----------  --------------  ----------
/opt/airflow/dags/diagnosis_pipeline_dag.py    234  0.03s             0           0
================================================================================
[2025-06-16T20:02:39.057+0000] {manager.py:887} INFO - 
================================================================================
DAG File Processing Stats

File Path                                    PID    Runtime      # DAGs    # Errors  Last Runtime    Last Run
-------------------------------------------  -----  ---------  --------  ----------  --------------  -------------------
/opt/airflow/dags/diagnosis_pipeline_dag.py                           1           0  0.62s           2025-06-16T20:02:09
================================================================================
[2025-06-16T20:03:09.294+0000] {manager.py:887} INFO - 
================================================================================
DAG File Processing Stats

File Path                                    PID    Runtime      # DAGs    # Errors  Last Runtime    Last Run
-------------------------------------------  -----  ---------  --------  ----------  --------------  -------------------
/opt/airflow/dags/diagnosis_pipeline_dag.py                           1           0  0.58s           2025-06-16T20:02:40
================================================================================
[2025-06-16T20:03:39.702+0000] {manager.py:887} INFO - 
================================================================================
DAG File Processing Stats

File Path                                    PID    Runtime      # DAGs    # Errors  Last Runtime    Last Run
-------------------------------------------  -----  ---------  --------  ----------  --------------  -------------------
/opt/airflow/dags/diagnosis_pipeline_dag.py                           1           0  0.60s           2025-06-16T20:03:10
================================================================================
[2025-06-16T20:04:09.950+0000] {manager.py:887} INFO - 
================================================================================
DAG File Processing Stats

File Path                                    PID    Runtime      # DAGs    # Errors  Last Runtime    Last Run
-------------------------------------------  -----  ---------  --------  ----------  --------------  -------------------
/opt/airflow/dags/diagnosis_pipeline_dag.py                           1           0  0.70s           2025-06-16T20:03:41
================================================================================
[2025-06-16T20:04:40.275+0000] {manager.py:887} INFO - 
================================================================================
DAG File Processing Stats

File Path                                    PID    Runtime      # DAGs    # Errors  Last Runtime    Last Run
-------------------------------------------  -----  ---------  --------  ----------  --------------  -------------------
/opt/airflow/dags/diagnosis_pipeline_dag.py                           1           0  0.59s           2025-06-16T20:04:12
================================================================================
[2025-06-16T20:05:10.533+0000] {manager.py:887} INFO - 
================================================================================
DAG File Processing Stats

File Path                                    PID    Runtime      # DAGs    # Errors  Last Runtime    Last Run
-------------------------------------------  -----  ---------  --------  ----------  --------------  -------------------
/opt/airflow/dags/diagnosis_pipeline_dag.py                           1           0  0.63s           2025-06-16T20:04:43
================================================================================
[2025-06-16T20:05:40.861+0000] {manager.py:887} INFO - 
================================================================================
DAG File Processing Stats

File Path                                    PID    Runtime      # DAGs    # Errors  Last Runtime    Last Run
-------------------------------------------  -----  ---------  --------  ----------  --------------  -------------------
/opt/airflow/dags/diagnosis_pipeline_dag.py                           1           0  0.60s           2025-06-16T20:05:14
================================================================================
[2025-06-16T20:06:11.104+0000] {manager.py:887} INFO - 
================================================================================
DAG File Processing Stats

File Path                                    PID    Runtime      # DAGs    # Errors  Last Runtime    Last Run
-------------------------------------------  -----  ---------  --------  ----------  --------------  -------------------
/opt/airflow/dags/diagnosis_pipeline_dag.py                           1           0  0.61s           2025-06-16T20:05:45
================================================================================
[2025-06-16T20:06:41.430+0000] {manager.py:887} INFO - 
================================================================================
DAG File Processing Stats

File Path                                    PID    Runtime      # DAGs    # Errors  Last Runtime    Last Run
-------------------------------------------  -----  ---------  --------  ----------  --------------  -------------------
/opt/airflow/dags/diagnosis_pipeline_dag.py                           1           0  0.85s           2025-06-16T20:06:15
================================================================================
[2025-06-16T20:07:08.978+0000] {manager.py:755} INFO - Searching for files in /opt/airflow/dags
[2025-06-16T20:07:08.988+0000] {manager.py:758} INFO - There are 1 files in /opt/airflow/dags
[2025-06-16T20:07:11.669+0000] {manager.py:887} INFO - 
================================================================================
DAG File Processing Stats

File Path                                    PID    Runtime      # DAGs    # Errors  Last Runtime    Last Run
-------------------------------------------  -----  ---------  --------  ----------  --------------  -------------------
/opt/airflow/dags/diagnosis_pipeline_dag.py                           1           0  0.56s           2025-06-16T20:06:46
================================================================================
[2025-06-16T20:07:42.237+0000] {manager.py:887} INFO - 
================================================================================
DAG File Processing Stats

File Path                                    PID    Runtime      # DAGs    # Errors  Last Runtime    Last Run
-------------------------------------------  -----  ---------  --------  ----------  --------------  -------------------
/opt/airflow/dags/diagnosis_pipeline_dag.py                           1           0  0.56s           2025-06-16T20:07:17
================================================================================
[2025-06-16T20:08:12.490+0000] {manager.py:887} INFO - 
================================================================================
DAG File Processing Stats

File Path                                    PID    Runtime      # DAGs    # Errors  Last Runtime    Last Run
-------------------------------------------  -----  ---------  --------  ----------  --------------  -------------------
/opt/airflow/dags/diagnosis_pipeline_dag.py                           1           0  0.57s           2025-06-16T20:07:48
================================================================================
[2025-06-16T20:08:42.790+0000] {manager.py:887} INFO - 
================================================================================
DAG File Processing Stats

File Path                                    PID    Runtime      # DAGs    # Errors  Last Runtime    Last Run
-------------------------------------------  -----  ---------  --------  ----------  --------------  -------------------
/opt/airflow/dags/diagnosis_pipeline_dag.py                           1           0  0.85s           2025-06-16T20:08:19
================================================================================
[2025-06-16T20:09:13.027+0000] {manager.py:887} INFO - 
================================================================================
DAG File Processing Stats

File Path                                    PID    Runtime      # DAGs    # Errors  Last Runtime    Last Run
-------------------------------------------  -----  ---------  --------  ----------  --------------  -------------------
/opt/airflow/dags/diagnosis_pipeline_dag.py                           1           0  0.58s           2025-06-16T20:08:50
================================================================================
[2025-06-16T20:09:43.189+0000] {manager.py:887} INFO - 
================================================================================
DAG File Processing Stats

File Path                                    PID    Runtime      # DAGs    # Errors  Last Runtime    Last Run
-------------------------------------------  -----  ---------  --------  ----------  --------------  -------------------
/opt/airflow/dags/diagnosis_pipeline_dag.py                           1           0  0.56s           2025-06-16T20:09:20
================================================================================
[2025-06-16T20:10:13.842+0000] {manager.py:887} INFO - 
================================================================================
DAG File Processing Stats

File Path                                    PID    Runtime      # DAGs    # Errors  Last Runtime    Last Run
-------------------------------------------  -----  ---------  --------  ----------  --------------  -------------------
/opt/airflow/dags/diagnosis_pipeline_dag.py                           1           0  0.56s           2025-06-16T20:09:51
================================================================================
[2025-06-16T20:10:44.180+0000] {manager.py:887} INFO - 
================================================================================
DAG File Processing Stats

File Path                                    PID    Runtime      # DAGs    # Errors  Last Runtime    Last Run
-------------------------------------------  -----  ---------  --------  ----------  --------------  -------------------
/opt/airflow/dags/diagnosis_pipeline_dag.py                           1           0  0.59s           2025-06-16T20:10:22
================================================================================
[2025-06-16T20:11:14.416+0000] {manager.py:887} INFO - 
================================================================================
DAG File Processing Stats

File Path                                    PID    Runtime      # DAGs    # Errors  Last Runtime    Last Run
-------------------------------------------  -----  ---------  --------  ----------  --------------  -------------------
/opt/airflow/dags/diagnosis_pipeline_dag.py                           1           0  0.56s           2025-06-16T20:10:53
================================================================================
[2025-06-16T20:11:44.651+0000] {manager.py:887} INFO - 
================================================================================
DAG File Processing Stats

File Path                                    PID    Runtime      # DAGs    # Errors  Last Runtime    Last Run
-------------------------------------------  -----  ---------  --------  ----------  --------------  -------------------
/opt/airflow/dags/diagnosis_pipeline_dag.py                           1           0  0.70s           2025-06-16T20:11:24
================================================================================
[2025-06-16T20:12:09.021+0000] {manager.py:755} INFO - Searching for files in /opt/airflow/dags
[2025-06-16T20:12:09.032+0000] {manager.py:758} INFO - There are 1 files in /opt/airflow/dags
[2025-06-16T20:12:14.871+0000] {manager.py:887} INFO - 
================================================================================
DAG File Processing Stats

File Path                                    PID    Runtime      # DAGs    # Errors  Last Runtime    Last Run
-------------------------------------------  -----  ---------  --------  ----------  --------------  -------------------
/opt/airflow/dags/diagnosis_pipeline_dag.py                           1           0  0.59s           2025-06-16T20:11:54
================================================================================
[2025-06-16T20:12:45.262+0000] {manager.py:887} INFO - 
================================================================================
DAG File Processing Stats

File Path                                    PID    Runtime      # DAGs    # Errors  Last Runtime    Last Run
-------------------------------------------  -----  ---------  --------  ----------  --------------  -------------------
/opt/airflow/dags/diagnosis_pipeline_dag.py                           1           0  0.62s           2025-06-16T20:12:25
================================================================================
[2025-06-16T20:13:15.501+0000] {manager.py:887} INFO - 
================================================================================
DAG File Processing Stats

File Path                                    PID    Runtime      # DAGs    # Errors  Last Runtime    Last Run
-------------------------------------------  -----  ---------  --------  ----------  --------------  -------------------
/opt/airflow/dags/diagnosis_pipeline_dag.py                           1           0  0.60s           2025-06-16T20:12:56
================================================================================
[2025-06-16T20:13:45.731+0000] {manager.py:887} INFO - 
================================================================================
DAG File Processing Stats

File Path                                    PID    Runtime      # DAGs    # Errors  Last Runtime    Last Run
-------------------------------------------  -----  ---------  --------  ----------  --------------  -------------------
/opt/airflow/dags/diagnosis_pipeline_dag.py                           1           0  0.61s           2025-06-16T20:13:27
================================================================================
[2025-06-16T20:14:15.955+0000] {manager.py:887} INFO - 
================================================================================
DAG File Processing Stats

File Path                                    PID    Runtime      # DAGs    # Errors  Last Runtime    Last Run
-------------------------------------------  -----  ---------  --------  ----------  --------------  -------------------
/opt/airflow/dags/diagnosis_pipeline_dag.py                           1           0  0.62s           2025-06-16T20:13:58
================================================================================
[2025-06-16T20:14:46.375+0000] {manager.py:887} INFO - 
================================================================================
DAG File Processing Stats

File Path                                    PID    Runtime      # DAGs    # Errors  Last Runtime    Last Run
-------------------------------------------  -----  ---------  --------  ----------  --------------  -------------------
/opt/airflow/dags/diagnosis_pipeline_dag.py                           1           0  0.62s           2025-06-16T20:14:28
================================================================================
[2025-06-16T20:15:16.596+0000] {manager.py:887} INFO - 
================================================================================
DAG File Processing Stats

File Path                                    PID    Runtime      # DAGs    # Errors  Last Runtime    Last Run
-------------------------------------------  -----  ---------  --------  ----------  --------------  -------------------
/opt/airflow/dags/diagnosis_pipeline_dag.py                           1           0  0.60s           2025-06-16T20:14:59
================================================================================
[2025-06-16T20:44:16.514+0000] {manager.py:487} INFO - Processing files using up to 2 processes at a time 
[2025-06-16T20:44:16.515+0000] {manager.py:488} INFO - Process each file at most once every 30 seconds
[2025-06-16T20:44:16.515+0000] {manager.py:489} INFO - Checking for new files in /opt/airflow/dags every 300 seconds
[2025-06-16T20:44:16.515+0000] {manager.py:755} INFO - Searching for files in /opt/airflow/dags
[2025-06-16T20:44:16.529+0000] {manager.py:758} INFO - There are 1 files in /opt/airflow/dags
[2025-06-16T20:44:38.531+0000] {manager.py:487} INFO - Processing files using up to 2 processes at a time 
[2025-06-16T20:44:38.532+0000] {manager.py:488} INFO - Process each file at most once every 30 seconds
[2025-06-16T20:44:38.532+0000] {manager.py:489} INFO - Checking for new files in /opt/airflow/dags every 300 seconds
[2025-06-16T20:44:38.532+0000] {manager.py:755} INFO - Searching for files in /opt/airflow/dags
[2025-06-16T20:44:38.542+0000] {manager.py:758} INFO - There are 1 files in /opt/airflow/dags
[2025-06-16T20:44:38.593+0000] {manager.py:887} INFO - 
================================================================================
DAG File Processing Stats

File Path                                      PID  Runtime      # DAGs    # Errors  Last Runtime    Last Run
-------------------------------------------  -----  ---------  --------  ----------  --------------  ----------
/opt/airflow/dags/diagnosis_pipeline_dag.py    229  0.03s             0           0
================================================================================
[2025-06-16T20:45:09.248+0000] {manager.py:887} INFO - 
================================================================================
DAG File Processing Stats

File Path                                      PID  Runtime      # DAGs    # Errors  Last Runtime    Last Run
-------------------------------------------  -----  ---------  --------  ----------  --------------  -------------------
/opt/airflow/dags/diagnosis_pipeline_dag.py    252  0.00s             1           0  0.63s           2025-06-16T20:44:39
================================================================================
[2025-06-16T20:45:40.590+0000] {manager.py:887} INFO - 
================================================================================
DAG File Processing Stats

File Path                                      PID  Runtime      # DAGs    # Errors  Last Runtime    Last Run
-------------------------------------------  -----  ---------  --------  ----------  --------------  -------------------
/opt/airflow/dags/diagnosis_pipeline_dag.py    269  0.00s             1           0  0.65s           2025-06-16T20:45:09
================================================================================
[2025-06-16T20:46:11.266+0000] {manager.py:887} INFO - 
================================================================================
DAG File Processing Stats

File Path                                      PID  Runtime      # DAGs    # Errors  Last Runtime    Last Run
-------------------------------------------  -----  ---------  --------  ----------  --------------  -------------------
/opt/airflow/dags/diagnosis_pipeline_dag.py    286  0.00s             1           0  0.65s           2025-06-16T20:45:41
================================================================================
[2025-06-16T20:46:41.946+0000] {manager.py:887} INFO - 
================================================================================
DAG File Processing Stats

File Path                                      PID  Runtime      # DAGs    # Errors  Last Runtime    Last Run
-------------------------------------------  -----  ---------  --------  ----------  --------------  -------------------
/opt/airflow/dags/diagnosis_pipeline_dag.py    303  0.00s             1           0  0.60s           2025-06-16T20:46:11
================================================================================
[2025-06-16T20:47:13.262+0000] {manager.py:887} INFO - 
================================================================================
DAG File Processing Stats

File Path                                      PID  Runtime      # DAGs    # Errors  Last Runtime    Last Run
-------------------------------------------  -----  ---------  --------  ----------  --------------  -------------------
/opt/airflow/dags/diagnosis_pipeline_dag.py    320  0.00s             1           0  0.61s           2025-06-16T20:46:42
================================================================================
